Resolving dependencies...
Downloading packages...
  characters 1.4.0 (1.4.1 available)
  matcher 0.12.17 (0.12.18 available)
  material_color_utilities 0.11.1 (0.13.0 available)
  test_api 0.7.7 (0.7.8 available)
Got dependencies!
4 packages have newer versions incompatible with dependency constraints.
Try `flutter pub outdated` for more information.
Running Gradle task 'assembleDebug'...                          
flutter : 
At line:1 char:1
+ flutter build apk 
--debug 2>&1 | 
Out-File -Encoding 
Ascii build_log_v 
...
+ ~~~~~~~~~~~~~~~~~~
~~~~~~~~~~~~
    + CategoryInfo  
            : 
NotSpecified: (:St  
  ring) [], 
RemoteExcept    ion
    + FullyQualified
ErrorI    d : 
NativeCommandError
 
FAILURE: Build 
failed with an 
exception.

* What went wrong:
Execution failed 
for task ':app:clean
MergeDebugAssets'.
> java.io.IOExceptio
n: Unable to delete 
directory 'C:\Users\
akars\OneDrive\Deskt
op\Rippleeffect\flut
ter_ripple_effect\bu
ild\app\intermediate
s\assets\debug\merge
DebugAssets'
    Failed to 
delete some 
children. This 
might happen 
because a process 
has files open or 
has its working 
directory set in 
the target 
directory.
    - C:\Users\akars
\OneDrive\Desktop\Ri
ppleeffect\flutter_r
ipple_effect\build\a
pp\intermediates\ass
ets\debug\mergeDebug
Assets\flutter_asset
s\assets
    - C:\Users\akars
\OneDrive\Desktop\Ri
ppleeffect\flutter_r
ipple_effect\build\a
pp\intermediates\ass
ets\debug\mergeDebug
Assets\flutter_asset
s\fonts
    - C:\Users\akars
\OneDrive\Desktop\Ri
ppleeffect\flutter_r
ipple_effect\build\a
pp\intermediates\ass
ets\debug\mergeDebug
Assets\flutter_asset
s\packages\cupertino
_icons\assets
    - C:\Users\akars
\OneDrive\Desktop\Ri
ppleeffect\flutter_r
ipple_effect\build\a
pp\intermediates\ass
ets\debug\mergeDebug
Assets\flutter_asset
s\packages\cupertino
_icons
    - C:\Users\akars
\OneDrive\Desktop\Ri
ppleeffect\flutter_r
ipple_effect\build\a
pp\intermediates\ass
ets\debug\mergeDebug
Assets\flutter_asset
s\packages
    - C:\Users\akars
\OneDrive\Desktop\Ri
ppleeffect\flutter_r
ipple_effect\build\a
pp\intermediates\ass
ets\debug\mergeDebug
Assets\flutter_asset
s\shaders
    - C:\Users\akars
\OneDrive\Desktop\Ri
ppleeffect\flutter_r
ipple_effect\build\a
pp\intermediates\ass
ets\debug\mergeDebug
Assets\flutter_asset
s

* Try:
> Run with 
--stacktrace option 
to get the stack 
trace.
> Run with --info 
or --debug option 
to get more log 
output.
> Run with --scan 
to get full 
insights.
> Get more help at h
ttps://help.gradle.o
rg.

BUILD FAILED in 6s
Running Gradle task 'assembleDebug'...                              6.5s
Gradle task 
assembleDebug 
failed with exit 
code 1
